gyp info it worked if it ends with ok
gyp info using node-gyp@5.0.7
gyp info using node@13.11.0 | darwin | x64
gyp info find Python using Python version 2.7.16 found at "/usr/bin/python"
gyp info spawn /usr/bin/python
gyp info spawn args [
gyp info spawn args   '/usr/local/Cellar/node/13.11.0/libexec/lib/node_modules/npm/node_modules/node-gyp/gyp/gyp_main.py',
gyp info spawn args   'binding.gyp',
gyp info spawn args   '-f',
gyp info spawn args   'make',
gyp info spawn args   '-I',
gyp info spawn args   '/Users/astutzman/webdev/pardon2master/node_modules/uws/build/config.gypi',
gyp info spawn args   '-I',
gyp info spawn args   '/usr/local/Cellar/node/13.11.0/libexec/lib/node_modules/npm/node_modules/node-gyp/addon.gypi',
gyp info spawn args   '-I',
gyp info spawn args   '/Users/astutzman/Library/Caches/node-gyp/13.11.0/include/node/common.gypi',
gyp info spawn args   '-Dlibrary=shared_library',
gyp info spawn args   '-Dvisibility=default',
gyp info spawn args   '-Dnode_root_dir=/Users/astutzman/Library/Caches/node-gyp/13.11.0',
gyp info spawn args   '-Dnode_gyp_dir=/usr/local/Cellar/node/13.11.0/libexec/lib/node_modules/npm/node_modules/node-gyp',
gyp info spawn args   '-Dnode_lib_file=/Users/astutzman/Library/Caches/node-gyp/13.11.0/<(target_arch)/node.lib',
gyp info spawn args   '-Dmodule_root_dir=/Users/astutzman/webdev/pardon2master/node_modules/uws',
gyp info spawn args   '-Dnode_engine=v8',
gyp info spawn args   '--depth=.',
gyp info spawn args   '--no-parallel',
gyp info spawn args   '--generator-output',
gyp info spawn args   'build',
gyp info spawn args   '-Goutput_dir=.'
gyp info spawn args ]
gyp info spawn make
gyp info spawn args [ 'BUILDTYPE=Release', '-C', 'build' ]
  CXX(target) Release/obj.target/uws/src/Extensions.o
  CXX(target) Release/obj.target/uws/src/Group.o
  CXX(target) Release/obj.target/uws/src/Networking.o
  CXX(target) Release/obj.target/uws/src/Hub.o
  CXX(target) Release/obj.target/uws/src/Node.o
  CXX(target) Release/obj.target/uws/src/WebSocket.o
  CXX(target) Release/obj.target/uws/src/HTTPSocket.o
  CXX(target) Release/obj.target/uws/src/Socket.o
  CXX(target) Release/obj.target/uws/src/addon.o
In file included from ../src/addon.cpp:2:
../src/addon.h:21:15: warning: 'MakeCallback' is deprecated: Use MakeCallback(..., async_context) [-Wdeprecated-declarations]
        node::MakeCallback(isolate, isolate->GetCurrentContext()->Global(), Local<Function>::New(isolate, noop), 0, nullptr);
              ^
/Users/astutzman/Library/Caches/node-gyp/13.11.0/include/node/node.h:187:1: note: 'MakeCallback' has been explicitly marked deprecated here
NODE_DEPRECATED("Use MakeCallback(..., async_context)",
^
/Users/astutzman/Library/Caches/node-gyp/13.11.0/include/node/node.h:107:20: note: expanded from macro 'NODE_DEPRECATED'
    __attribute__((deprecated(message))) declarator
                   ^
In file included from ../src/addon.cpp:2:
../src/addon.h:37:47: error: no matching constructor for initialization of 'String::Utf8Value'
            utf8Value = new (utf8ValueMemory) String::Utf8Value(value);
                                              ^                 ~~~~~
/Users/astutzman/Library/Caches/node-gyp/13.11.0/include/node/v8.h:3187:5: note: candidate constructor not viable: no known conversion from 'const Local<v8::Value>' to 'const v8::String::Utf8Value' for 1st argument
    Utf8Value(const Utf8Value&) = delete;
    ^
/Users/astutzman/Library/Caches/node-gyp/13.11.0/include/node/v8.h:3180:5: note: candidate constructor not viable: requires 2 arguments, but 1 was provided
    Utf8Value(Isolate* isolate, Local<v8::Value> obj);
    ^
In file included from ../src/addon.cpp:2:
../src/addon.h:79:83: error: too few arguments to function call, single argument 'context' was not specified
    uWS::Group<isServer> *group = hub.createGroup<isServer>(args[0]->IntegerValue(), args[1]->IntegerValue());
                                                            ~~~~~~~~~~~~~~~~~~~~~ ^
/Users/astutzman/Library/Caches/node-gyp/13.11.0/include/node/v8.h:2774:3: note: 'IntegerValue' declared here
  V8_WARN_UNUSED_RESULT Maybe<int64_t> IntegerValue(
  ^
/Users/astutzman/Library/Caches/node-gyp/13.11.0/include/node/v8config.h:419:31: note: expanded from macro 'V8_WARN_UNUSED_RESULT'
#define V8_WARN_UNUSED_RESULT __attribute__((warn_unused_result))
                              ^
In file included from ../src/addon.cpp:2:
../src/addon.h:79:108: error: too few arguments to function call, single argument 'context' was not specified
    uWS::Group<isServer> *group = hub.createGroup<isServer>(args[0]->IntegerValue(), args[1]->IntegerValue());
                                                                                     ~~~~~~~~~~~~~~~~~~~~~ ^
/Users/astutzman/Library/Caches/node-gyp/13.11.0/include/node/v8.h:2774:3: note: 'IntegerValue' declared here
  V8_WARN_UNUSED_RESULT Maybe<int64_t> IntegerValue(
  ^
/Users/astutzman/Library/Caches/node-gyp/13.11.0/include/node/v8config.h:419:31: note: expanded from macro 'V8_WARN_UNUSED_RESULT'
#define V8_WARN_UNUSED_RESULT __attribute__((warn_unused_result))
                              ^
In file included from ../src/addon.cpp:2:
../src/addon.h:102:174: error: no member named 'kNormalString' in 'v8::String'
    return opCode == uWS::OpCode::BINARY ? (Local<Value>) ArrayBuffer::New(isolate, (char *) message, length) : (Local<Value>) String::NewFromUtf8(isolate, message, String::kNormalString, length);
                                                                                                                                                                     ~~~~~~~~^
../src/addon.h:163:15: warning: 'MakeCallback' is deprecated: Use MakeCallback(..., async_context) [-Wdeprecated-declarations]
        node::MakeCallback(sc->isolate, sc->isolate->GetCurrentContext()->Global(), Local<Function>::New(sc->isolate, sc->jsCallback), 0, nullptr);
              ^
/Users/astutzman/Library/Caches/node-gyp/13.11.0/include/node/node.h:187:1: note: 'MakeCallback' has been explicitly marked deprecated here
NODE_DEPRECATED("Use MakeCallback(..., async_context)",
^
/Users/astutzman/Library/Caches/node-gyp/13.11.0/include/node/node.h:107:20: note: expanded from macro 'NODE_DEPRECATED'
    __attribute__((deprecated(message))) declarator
                   ^
In file included from ../src/addon.cpp:2:
../src/addon.h:172:62: error: too few arguments to function call, single argument 'context' was not specified
    uWS::OpCode opCode = (uWS::OpCode) args[2]->IntegerValue();
                                       ~~~~~~~~~~~~~~~~~~~~~ ^
/Users/astutzman/Library/Caches/node-gyp/13.11.0/include/node/v8.h:2774:3: note: 'IntegerValue' declared here
  V8_WARN_UNUSED_RESULT Maybe<int64_t> IntegerValue(
  ^
/Users/astutzman/Library/Caches/node-gyp/13.11.0/include/node/v8config.h:419:31: note: expanded from macro 'V8_WARN_UNUSED_RESULT'
#define V8_WARN_UNUSED_RESULT __attribute__((warn_unused_result))
                              ^
In file included from ../src/addon.cpp:2:
../src/addon.h:185:43: error: too few arguments to function call, single argument 'isolate' was not specified
    bool compress = args[4]->BooleanValue();
                    ~~~~~~~~~~~~~~~~~~~~~ ^
/Users/astutzman/Library/Caches/node-gyp/13.11.0/include/node/v8.h:2771:3: note: 'BooleanValue' declared here
  bool BooleanValue(Isolate* isolate) const;
  ^
In file included from ../src/addon.cpp:2:
../src/addon.h:225:60: error: too few arguments to function call, single argument 'context' was not specified
        uv_fileno((handle = getTcpHandle(args[0]->ToObject()->GetAlignedPointerFromInternalField(0))), (uv_os_fd_t *) &ticket->fd);
                                         ~~~~~~~~~~~~~~~~~ ^
/Users/astutzman/Library/Caches/node-gyp/13.11.0/include/node/v8.h:2754:3: note: 'ToObject' declared here
  V8_WARN_UNUSED_RESULT MaybeLocal<Object> ToObject(
  ^
/Users/astutzman/Library/Caches/node-gyp/13.11.0/include/node/v8config.h:419:31: note: expanded from macro 'V8_WARN_UNUSED_RESULT'
#define V8_WARN_UNUSED_RESULT __attribute__((warn_unused_result))
                              ^
In file included from ../src/addon.cpp:2:
../src/addon.h:227:44: error: too few arguments to function call, single argument 'context' was not specified
        ticket->fd = args[0]->IntegerValue();
                     ~~~~~~~~~~~~~~~~~~~~~ ^
/Users/astutzman/Library/Caches/node-gyp/13.11.0/include/node/v8.h:2774:3: note: 'IntegerValue' declared here
  V8_WARN_UNUSED_RESULT Maybe<int64_t> IntegerValue(
  ^
/Users/astutzman/Library/Caches/node-gyp/13.11.0/include/node/v8config.h:419:31: note: expanded from macro 'V8_WARN_UNUSED_RESULT'
#define V8_WARN_UNUSED_RESULT __attribute__((warn_unused_result))
                              ^
In file included from ../src/addon.cpp:2:
../src/addon.h:341:15: warning: 'MakeCallback' is deprecated: Use MakeCallback(..., async_context) [-Wdeprecated-declarations]
        node::MakeCallback(isolate, isolate->GetCurrentContext()->Global(), Local<Function>::New(isolate, *errorCallback), 1, argv);
              ^
/Users/astutzman/Library/Caches/node-gyp/13.11.0/include/node/node.h:187:1: note: 'MakeCallback' has been explicitly marked deprecated here
NODE_DEPRECATED("Use MakeCallback(..., async_context)",
^
/Users/astutzman/Library/Caches/node-gyp/13.11.0/include/node/node.h:107:20: note: expanded from macro 'NODE_DEPRECATED'
    __attribute__((deprecated(message))) declarator
                   ^
In file included from ../src/addon.cpp:2:
../src/addon.h:351:81: error: too few arguments to function call, single argument 'context' was not specified
    unwrapSocket<isServer>(args[0].As<External>())->close(args[1]->IntegerValue(), nativeString.getData(), nativeString.getLength());
                                                          ~~~~~~~~~~~~~~~~~~~~~ ^
/Users/astutzman/Library/Caches/node-gyp/13.11.0/include/node/v8.h:2774:3: note: 'IntegerValue' declared here
  V8_WARN_UNUSED_RESULT Maybe<int64_t> IntegerValue(
  ^
/Users/astutzman/Library/Caches/node-gyp/13.11.0/include/node/v8config.h:419:31: note: expanded from macro 'V8_WARN_UNUSED_RESULT'
#define V8_WARN_UNUSED_RESULT __attribute__((warn_unused_result))
                              ^
In file included from ../src/addon.cpp:2:
../src/addon.h:363:40: error: too few arguments to function call, single argument 'context' was not specified
    group->close(args[1]->IntegerValue(), nativeString.getData(), nativeString.getLength());
                 ~~~~~~~~~~~~~~~~~~~~~ ^
/Users/astutzman/Library/Caches/node-gyp/13.11.0/include/node/v8.h:2774:3: note: 'IntegerValue' declared here
  V8_WARN_UNUSED_RESULT Maybe<int64_t> IntegerValue(
  ^
/Users/astutzman/Library/Caches/node-gyp/13.11.0/include/node/v8config.h:419:31: note: expanded from macro 'V8_WARN_UNUSED_RESULT'
#define V8_WARN_UNUSED_RESULT __attribute__((warn_unused_result))
                              ^
In file included from ../src/addon.cpp:2:
../src/addon.h:374:48: error: too few arguments to function call, single argument 'isolate' was not specified
    uWS::OpCode opCode = args[2]->BooleanValue() ? uWS::OpCode::BINARY : uWS::OpCode::TEXT;
                         ~~~~~~~~~~~~~~~~~~~~~ ^
/Users/astutzman/Library/Caches/node-gyp/13.11.0/include/node/v8.h:2771:3: note: 'BooleanValue' declared here
  bool BooleanValue(Isolate* isolate) const;
  ^
In file included from ../src/addon.cpp:2:
../src/addon.h:381:62: error: too few arguments to function call, single argument 'context' was not specified
    uWS::OpCode opCode = (uWS::OpCode) args[1]->IntegerValue();
                                       ~~~~~~~~~~~~~~~~~~~~~ ^
/Users/astutzman/Library/Caches/node-gyp/13.11.0/include/node/v8.h:2774:3: note: 'IntegerValue' declared here
  V8_WARN_UNUSED_RESULT Maybe<int64_t> IntegerValue(
  ^
/Users/astutzman/Library/Caches/node-gyp/13.11.0/include/node/v8config.h:419:31: note: expanded from macro 'V8_WARN_UNUSED_RESULT'
#define V8_WARN_UNUSED_RESULT __attribute__((warn_unused_result))
                              ^
In file included from ../src/addon.cpp:2:
../src/addon.h:405:40: error: too few arguments to function call, expected 4, have 3
        cb->Call(Null(isolate), 1, argv);
        ~~~~~~~~                       ^
/Users/astutzman/Library/Caches/node-gyp/13.11.0/include/node/v8.h:4335:3: note: 'Call' declared here
  V8_WARN_UNUSED_RESULT MaybeLocal<Value> Call(Local<Context> context,
  ^
/Users/astutzman/Library/Caches/node-gyp/13.11.0/include/node/v8config.h:419:31: note: expanded from macro 'V8_WARN_UNUSED_RESULT'
#define V8_WARN_UNUSED_RESULT __attribute__((warn_unused_result))
                              ^
In file included from ../src/addon.cpp:2:
../src/addon.h:418:48: error: too few arguments to function call, single argument 'context' was not specified
    group->startAutoPing(args[1]->IntegerValue(), std::string(nativeString.getData(), nativeString.getLength()));
                         ~~~~~~~~~~~~~~~~~~~~~ ^
/Users/astutzman/Library/Caches/node-gyp/13.11.0/include/node/v8.h:2774:3: note: 'IntegerValue' declared here
  V8_WARN_UNUSED_RESULT Maybe<int64_t> IntegerValue(
  ^
/Users/astutzman/Library/Caches/node-gyp/13.11.0/include/node/v8config.h:419:31: note: expanded from macro 'V8_WARN_UNUSED_RESULT'
#define V8_WARN_UNUSED_RESULT __attribute__((warn_unused_result))
                              ^
In file included from ../src/addon.cpp:2:
../src/addon.h:427:38: error: too few arguments to function call, single argument 'context' was not specified
    hub.listen(args[1]->IntegerValue(), nullptr, 0, group);
               ~~~~~~~~~~~~~~~~~~~~~ ^
/Users/astutzman/Library/Caches/node-gyp/13.11.0/include/node/v8.h:2774:3: note: 'IntegerValue' declared here
  V8_WARN_UNUSED_RESULT Maybe<int64_t> IntegerValue(
  ^
/Users/astutzman/Library/Caches/node-gyp/13.11.0/include/node/v8config.h:419:31: note: expanded from macro 'V8_WARN_UNUSED_RESULT'
#define V8_WARN_UNUSED_RESULT __attribute__((warn_unused_result))
                              ^
In file included from ../src/addon.cpp:2:
../src/addon.h:464:17: error: no matching member function for call to 'Set'
        object->Set(String::NewFromUtf8(isolate, "group"), group);
        ~~~~~~~~^~~
/Users/astutzman/Library/Caches/node-gyp/13.11.0/include/node/v8.h:3547:37: note: candidate function not viable: requires 3 arguments, but 2 were provided
  V8_WARN_UNUSED_RESULT Maybe<bool> Set(Local<Context> context,
                                    ^
/Users/astutzman/Library/Caches/node-gyp/13.11.0/include/node/v8.h:3550:37: note: candidate function not viable: requires 3 arguments, but 2 were provided
  V8_WARN_UNUSED_RESULT Maybe<bool> Set(Local<Context> context, uint32_t index,
                                    ^
In file included from ../src/addon.cpp:3:
../src/http.h:31:123: error: no member named 'kNormalString' in 'v8::String'
                    args.GetReturnValue().Set(String::NewFromOneByte(args.GetIsolate(), (uint8_t *) header.value, String::kNormalString, header.valueLength));
                                                                                                                  ~~~~~~~~^
../src/http.h:45:112: error: no member named 'kNormalString' in 'v8::String'
                args.GetReturnValue().Set(String::NewFromOneByte(args.GetIsolate(), (uint8_t *) "GET", String::kNormalString, 3));
                                                                                                       ~~~~~~~~^
../src/http.h:48:112: error: no member named 'kNormalString' in 'v8::String'
                args.GetReturnValue().Set(String::NewFromOneByte(args.GetIsolate(), (uint8_t *) "PUT", String::kNormalString, 3));
                                                                                                       ~~~~~~~~^
fatal error: too many errors emitted, stopping now [-ferror-limit=]
3 warnings and 20 errors generated.
make: *** [Release/obj.target/uws/src/addon.o] Error 1
gyp ERR! build error 
gyp ERR! stack Error: `make` failed with exit code: 2
gyp ERR! stack     at ChildProcess.onExit (/usr/local/Cellar/node/13.11.0/libexec/lib/node_modules/npm/node_modules/node-gyp/lib/build.js:194:23)
gyp ERR! stack     at ChildProcess.emit (events.js:315:20)
gyp ERR! stack     at Process.ChildProcess._handle.onexit (internal/child_process.js:275:12)
gyp ERR! System Darwin 18.7.0
gyp ERR! command "/usr/local/Cellar/node/13.11.0/bin/node" "/usr/local/Cellar/node/13.11.0/libexec/lib/node_modules/npm/node_modules/node-gyp/bin/node-gyp.js" "rebuild"
gyp ERR! cwd /Users/astutzman/webdev/pardon2master/node_modules/uws
gyp ERR! node -v v13.11.0
gyp ERR! node-gyp -v v5.0.7
gyp ERR! not ok 
